c:\cpp\cuda samples\v10.0\1_utilities\mfcapplication1\mfcapplication1\x64\debug\mfcapplication1.pch
c:\cpp\cuda samples\v10.0\1_utilities\mfcapplication1\mfcapplication1\x64\debug\vc141.pdb
c:\cpp\cuda samples\v10.0\1_utilities\mfcapplication1\mfcapplication1\x64\debug\vc141.idb
c:\cpp\cuda samples\v10.0\1_utilities\mfcapplication1\mfcapplication1\x64\debug\stdafx.obj
c:\cpp\cuda samples\v10.0\1_utilities\mfcapplication1\mfcapplication1\x64\debug\mfcapplication1dlg.obj
c:\cpp\cuda samples\v10.0\1_utilities\mfcapplication1\mfcapplication1\x64\debug\mfcapplication1.obj
c:\cpp\cuda samples\v10.0\1_utilities\mfcapplication1\x64\debug\mfcapplication1.ilk
c:\cpp\cuda samples\v10.0\1_utilities\mfcapplication1\x64\debug\mfcapplication1.exe
c:\cpp\cuda samples\v10.0\1_utilities\mfcapplication1\x64\debug\mfcapplication1.pdb
c:\cpp\cuda samples\v10.0\1_utilities\mfcapplication1\x64\debug\mfcapplication1.lib
c:\cpp\cuda samples\v10.0\1_utilities\mfcapplication1\x64\debug\mfcapplication1.exp
c:\cpp\cuda samples\v10.0\1_utilities\mfcapplication1\mfcapplication1\x64\debug\mfcapplication1.res
c:\cpp\cuda samples\v10.0\1_utilities\mfcapplication1\mfcapplication1\x64\debug\mfcapplication1.tlog\cl.command.1.tlog
c:\cpp\cuda samples\v10.0\1_utilities\mfcapplication1\mfcapplication1\x64\debug\mfcapplication1.tlog\cl.read.1.tlog
c:\cpp\cuda samples\v10.0\1_utilities\mfcapplication1\mfcapplication1\x64\debug\mfcapplication1.tlog\cl.write.1.tlog
c:\cpp\cuda samples\v10.0\1_utilities\mfcapplication1\mfcapplication1\x64\debug\mfcapplication1.tlog\link.command.1.tlog
c:\cpp\cuda samples\v10.0\1_utilities\mfcapplication1\mfcapplication1\x64\debug\mfcapplication1.tlog\link.read.1.tlog
c:\cpp\cuda samples\v10.0\1_utilities\mfcapplication1\mfcapplication1\x64\debug\mfcapplication1.tlog\link.write.1.tlog
c:\cpp\cuda samples\v10.0\1_utilities\mfcapplication1\mfcapplication1\x64\debug\mfcapplication1.tlog\mfcapplication1.write.1u.tlog
c:\cpp\cuda samples\v10.0\1_utilities\mfcapplication1\mfcapplication1\x64\debug\mfcapplication1.tlog\rc.command.1.tlog
c:\cpp\cuda samples\v10.0\1_utilities\mfcapplication1\mfcapplication1\x64\debug\mfcapplication1.tlog\rc.read.1.tlog
c:\cpp\cuda samples\v10.0\1_utilities\mfcapplication1\mfcapplication1\x64\debug\mfcapplication1.tlog\rc.write.1.tlog
