Build started 2/5/2019 11:46:55 PM.
Environment at start of build:
ALLUSERSPROFILE = C:\ProgramData
AML_VSAI_ENABLED = TRUE
APPDATA = C:\Users\jack\AppData\Roaming
CCP_INC = C:\Program Files\Microsoft HPC Pack 2008 SDK\Include\
CCP_LIB32 = C:\Program Files\Microsoft HPC Pack 2008 SDK\Lib\i386\
CCP_LIB64 = C:\Program Files\Microsoft HPC Pack 2008 SDK\Lib\amd64\
CCP_SDK = C:\Program Files\Microsoft HPC Pack 2008 SDK\
CG_BIN64_PATH = C:\Program Files (x86)\NVIDIA Corporation\Cg\bin.x64
CG_BIN_PATH = C:\Program Files (x86)\NVIDIA Corporation\Cg\bin
CG_INC_PATH = C:\Program Files (x86)\NVIDIA Corporation\Cg\include
CG_LIB64_PATH = C:\Program Files (x86)\NVIDIA Corporation\Cg\lib.x64
CG_LIB_PATH = C:\Program Files (x86)\NVIDIA Corporation\Cg\lib
CommonProgramFiles = C:\Program Files (x86)\Common Files
CommonProgramFiles(x86) = C:\Program Files (x86)\Common Files
CommonProgramW6432 = C:\Program Files\Common Files
COMPUTERNAME = CYGNUS_SKN_ART
ComSpec = C:\WINDOWS\system32\cmd.exe
CUDA_PATH = C:\Program Files\NVIDIA GPU Computing Toolkit\CUDA\v10.0
CUDA_PATH_V10_0 = C:\Program Files\NVIDIA GPU Computing Toolkit\CUDA\v10.0
DriverData = C:\Windows\System32\Drivers\DriverData
DXSDK_DIR = C:\Microsoft_DirectX_SDK\
FPS_BROWSER_APP_PROFILE_STRING = Internet Explorer
FPS_BROWSER_USER_PROFILE_STRING = Default
HOMEDRIVE = C:
HOMEPATH = \Users\jack
include = c:\MSDNVS6\VC98\atl\include;c:\MSDNVS6\VC98\mfc\include;c:\MSDNVS6\VC98\include;C:\Program Files\Microsoft HPC Pack 2008 SDK\Include;C:\Program Files\NVIDIA GPU Computing Toolkit\CUDA\v10.0\include;
lib = c:\MSDNVS6\VC98\mfc\lib;c:\MSDNVS6\VC98\lib;C:\Program Files\Microsoft HPC Pack 2008 SDK\Lib;
LOCALAPPDATA = C:\Users\jack\AppData\Local
LOGONSERVER = \\CYGNUS_SKN_ART
MSBuildLoadMicrosoftTargetsReadOnly = true
MSDevDir = C:\MSDNVS6\Common\MSDev98;C:\Program Files (x86)\Microsoft Visual Studio\Common\MSDev98
ND_INC = C:\Program Files\Microsoft HPC Pack 2008 SDK\Include\
NUMBER_OF_PROCESSORS = 4
NVCUDASAMPLES10_0_ROOT = C:\ProgramData\NVIDIA Corporation\CUDA Samples\v10.0
NVCUDASAMPLES_ROOT = C:\ProgramData\NVIDIA Corporation\CUDA Samples\v10.0
NVSDK10OGL_ROOT = C:\Program Files (x86)\NVIDIA Corporation\NVIDIA OpenGL SDK 10
NVTOOLSEXT_PATH = C:\Program Files\NVIDIA Corporation\NvToolsExt\
OS = Windows_NT
Path = C:\Program Files\Microsoft HPC Pack 2008 SDK\Bin\;C:\Program Files\NVIDIA GPU Computing Toolkit\CUDA\v10.0\bin;C:\Program Files\NVIDIA GPU Computing Toolkit\CUDA\v10.0\libnvvp;C:\Program Files (x86)\Common Files\Oracle\Java\javapath;C:\Program Files\ImageMagick-7.0.7-Q16;C:\WINDOWS\system32;C:\WINDOWS;C:\WINDOWS\System32\Wbem;C:\WINDOWS\System32\WindowsPowerShell\v1.0\;C:\WINDOWS\System32\OpenSSH\;C:\Program Files (x86)\NVIDIA Corporation\PhysX\Common;C:\Program Files\NVIDIA Corporation\NVIDIA NvDLISR;C:\Program Files\Microsoft VS Code\bin;C:\MSDNVS6\VC98\Bin;C:\MSDNVS6\Common\MSDev98\Bin;C:\CPP\Pythonscripts;C:\Program Files (x86)\NVIDIA Corporation\Cg\bin;C:\Program Files (x86)\NVIDIA Corporation\Cg\bin.x64;C:\Program Files\Microsoft HPC Pack 2008 SDK\Lib;C:\Program Files\Microsoft HPC Pack 2008 SDK\Include;C:\Program Files\NVIDIA GPU Computing Toolkit\CUDA\v10.0\bin;C:\MSDNVS6\Common\Tools\WinNT;C:\MSDNVS6\Common\Tools;C:\Program Files (x86)\Microsoft Visual Studio\Common\Tools\WinNT;C:\Program Files (x86)\Microsoft Visual Studio\Common\MSDev98\Bin;C:\Program Files (x86)\Microsoft Visual Studio\Common\Tools;c:\MSDNVS6\VC98\bin;C:\Users\jack\AppData\Local\Microsoft\WindowsApps;C:\Users\jack\AppData\Local\Programs\Microsoft VS Code\bin;C:\Anaconda3
PATHEXT = .COM;.EXE;.BAT;.CMD;.VBS;.VBE;.JS;.JSE;.WSF;.WSH;.MSC
PkgDefApplicationConfigFile = C:\Users\jack\AppData\Local\Microsoft\VisualStudio\15.0_420fc159\devenv.exe.config
PROCESSOR_ARCHITECTURE = x86
PROCESSOR_ARCHITEW6432 = AMD64
PROCESSOR_IDENTIFIER = Intel64 Family 6 Model 60 Stepping 3, GenuineIntel
PROCESSOR_LEVEL = 6
PROCESSOR_REVISION = 3c03
ProgramData = C:\ProgramData
ProgramFiles = C:\Program Files (x86)
ProgramFiles(x86) = C:\Program Files (x86)
ProgramW6432 = C:\Program Files
PSModulePath = %ProgramFiles%\WindowsPowerShell\Modules;C:\WINDOWS\system32\WindowsPowerShell\v1.0\Modules
PUBLIC = C:\Users\Public
SystemDrive = C:
SystemRoot = C:\WINDOWS
TEMP = C:\Users\jack\AppData\Local\Temp
TMP = C:\Users\jack\AppData\Local\Temp
USERDOMAIN = cygnus_skn_art
USERDOMAIN_ROAMINGPROFILE = cygnus_skn_art
USERNAME = jack
USERPROFILE = C:\Users\jack
VBOX_MSI_INSTALL_PATH = C:\Program Files\Oracle\VirtualBox\
VisualStudioDir = C:\Users\jack\Documents\Visual Studio 2017
VisualStudioEdition = Microsoft Visual Studio Professional 2017
VisualStudioVersion = 15.0
VS140COMNTOOLS = C:\Program Files (x86)\Microsoft Visual Studio 14.0\Common7\Tools\
VSAPPIDDIR = C:\Program Files (x86)\Microsoft Visual Studio\2017\Professional\Common7\IDE\
VSAPPIDNAME = devenv.exe
VSLANG = 1033
VSSKUEDITION = Professional
windir = C:\WINDOWS

     1>Project "C:\CPP\CUDA Samples\v10.0\1_Utilities\MFCApplication1\MFCApplication1\MFCApplication1.vcxproj" on node 2 (Clean target(s)).
     1>Building with tools version "15.0".
       Target "EnableIntermediateOutputPathMismatchWarning" skipped, due to false condition; ('$(RestoreProjectStyle)' == 'PackageReference') was evaluated as ('' == 'PackageReference').
     1>Target "_CheckForInvalidConfigurationAndPlatform" in file "C:\Program Files (x86)\Microsoft Visual Studio\2017\Professional\MSBuild\15.0\Bin\Microsoft.Common.CurrentVersion.targets" from project "C:\CPP\CUDA Samples\v10.0\1_Utilities\MFCApplication1\MFCApplication1\MFCApplication1.vcxproj" (target "_PrepareForClean" depends on it):
       Task "Error" skipped, due to false condition; ( '$(_InvalidConfigurationError)' == 'true' ) was evaluated as ( '' == 'true' ).
       Task "Warning" skipped, due to false condition; ( '$(_InvalidConfigurationWarning)' == 'true' ) was evaluated as ( '' == 'true' ).
       Task "Message"
         Configuration=Release
       Done executing task "Message".
       Task "Message"
         Platform=x64
       Done executing task "Message".
       Task "Error" skipped, due to false condition; ('$(OutDir)' != '' and !HasTrailingSlash('$(OutDir)')) was evaluated as ('C:\CPP\CUDA Samples\v10.0\1_Utilities\MFCApplication1\x64\Release\' != '' and !HasTrailingSlash('C:\CPP\CUDA Samples\v10.0\1_Utilities\MFCApplication1\x64\Release\')).
       Task "Error" skipped, due to false condition; ('$(BaseIntermediateOutputPath)' != '' and !HasTrailingSlash('$(BaseIntermediateOutputPath)')) was evaluated as ('obj\' != '' and !HasTrailingSlash('obj\')).
       Task "Error" skipped, due to false condition; ('$(IntermediateOutputPath)' != '' and !HasTrailingSlash('$(IntermediateOutputPath)')) was evaluated as ('x64\Release\' != '' and !HasTrailingSlash('x64\Release\')).
       Task "Error" skipped, due to false condition; ( '$(_InitialMSBuildProjectExtensionsPath)' != '' And '$(MSBuildProjectExtensionsPath)' != '$(_InitialMSBuildProjectExtensionsPath)' ) was evaluated as ( 'C:\CPP\CUDA Samples\v10.0\1_Utilities\MFCApplication1\MFCApplication1\obj\' != '' And 'C:\CPP\CUDA Samples\v10.0\1_Utilities\MFCApplication1\MFCApplication1\obj\' != 'C:\CPP\CUDA Samples\v10.0\1_Utilities\MFCApplication1\MFCApplication1\obj\' ).
       Task "Warning" skipped, due to false condition; ( '$(EnableBaseIntermediateOutputPathMismatchWarning)' == 'true' And '$(_InitialBaseIntermediateOutputPath)' != '$(BaseIntermediateOutputPath)' And '$(BaseIntermediateOutputPath)' != '$(MSBuildProjectExtensionsPath)' ) was evaluated as ( '' == 'true' And 'obj\' != 'obj\' And 'obj\' != 'C:\CPP\CUDA Samples\v10.0\1_Utilities\MFCApplication1\MFCApplication1\obj\' ).
     1>Done building target "_CheckForInvalidConfigurationAndPlatform" in project "MFCApplication1.vcxproj".
     1>Target "_PrepareForClean" in file "C:\Program Files (x86)\Microsoft Visual Studio\2017\Professional\Common7\IDE\VC\VCTargets\Microsoft.BuildSteps.Targets" from project "C:\CPP\CUDA Samples\v10.0\1_Utilities\MFCApplication1\MFCApplication1\MFCApplication1.vcxproj" (target "Clean" depends on it):
       Task "Delete"
         Deleting file "x64\Release\MFCApplication1.tlog\MFCApplication1.lastbuildstate".
       Done executing task "Delete".
     1>Done building target "_PrepareForClean" in project "MFCApplication1.vcxproj".
     1>Target "BeforeClean" in file "C:\Program Files (x86)\Microsoft Visual Studio\2017\Professional\MSBuild\15.0\Bin\Microsoft.Common.CurrentVersion.targets" from project "C:\CPP\CUDA Samples\v10.0\1_Utilities\MFCApplication1\MFCApplication1\MFCApplication1.vcxproj" (target "Clean" depends on it):
     1>Done building target "BeforeClean" in project "MFCApplication1.vcxproj".
       Target "UnmanagedUnregistration" skipped, due to false condition; ((('$(_AssemblyTimestampBeforeCompile)' != '$(_AssemblyTimestampAfterCompile)' or '$(RegisterForComInterop)' != 'true' or '$(OutputType)' != 'library') or
                           ('$(_AssemblyTimestampBeforeCompile)' == '')) and
                          Exists('@(_UnmanagedRegistrationCache)')) was evaluated as ((('' != '' or '' != 'true' or 'exe' != 'library') or
                           ('' == '')) and
                          Exists('obj\MFCApplication1.vcxproj.UnmanagedRegistration.cache')).
     1>Target "CoreClean" in file "C:\Program Files (x86)\Microsoft Visual Studio\2017\Professional\MSBuild\15.0\Bin\Microsoft.Common.CurrentVersion.targets" from project "C:\CPP\CUDA Samples\v10.0\1_Utilities\MFCApplication1\MFCApplication1\MFCApplication1.vcxproj" (target "Clean" depends on it):
       Task "Delete"
         File "x64\Release\\TempCA\MFCApplication1.pdb" doesn't exist. Skipping.
         File "x64\Release\\TempCA\MFCApplication1.exe" doesn't exist. Skipping.
       Done executing task "Delete".
       Task "ReadLinesFromFile"
       Done executing task "ReadLinesFromFile".
       Task "FindUnderPath"
         Comparison path is "C:\CPP\CUDA Samples\v10.0\1_Utilities\MFCApplication1\x64\Release\".
       Done executing task "FindUnderPath".
       Task "FindUnderPath"
         Comparison path is "x64\Release\".
       Done executing task "FindUnderPath".
       Task "Delete"
       Done executing task "Delete".
       Task "RemoveDuplicates"
       Done executing task "RemoveDuplicates".
       Task "MakeDir"
       Done executing task "MakeDir".
       Task "WriteLinesToFile"
       Done executing task "WriteLinesToFile".
     1>Done building target "CoreClean" in project "MFCApplication1.vcxproj".
     1>Target "AssignProjectConfiguration" in file "C:\Program Files (x86)\Microsoft Visual Studio\2017\Professional\MSBuild\15.0\Bin\Microsoft.Common.CurrentVersion.targets" from project "C:\CPP\CUDA Samples\v10.0\1_Utilities\MFCApplication1\MFCApplication1\MFCApplication1.vcxproj" (target "PrepareProjectReferences" depends on it):
       Task "AssignProjectConfiguration"
       Done executing task "AssignProjectConfiguration".
     1>Done building target "AssignProjectConfiguration" in project "MFCApplication1.vcxproj".
     1>Target "_SplitProjectReferencesByFileExistence" in file "C:\Program Files (x86)\Microsoft Visual Studio\2017\Professional\MSBuild\15.0\Bin\Microsoft.Common.CurrentVersion.targets" from project "C:\CPP\CUDA Samples\v10.0\1_Utilities\MFCApplication1\MFCApplication1\MFCApplication1.vcxproj" (target "PrepareProjectReferences" depends on it):
       Task "ResolveNonMSBuildProjectOutput" skipped, due to false condition; ('$(BuildingInsideVisualStudio)'=='true' and '@(ProjectReferenceWithConfiguration)'!='') was evaluated as ('true'=='true' and ''!='').
     1>Done building target "_SplitProjectReferencesByFileExistence" in project "MFCApplication1.vcxproj".
     1>Target "_GetProjectReferenceTargetFrameworkProperties" in file "C:\Program Files (x86)\Microsoft Visual Studio\2017\Professional\MSBuild\15.0\Bin\Microsoft.Common.CurrentVersion.targets" from project "C:\CPP\CUDA Samples\v10.0\1_Utilities\MFCApplication1\MFCApplication1\MFCApplication1.vcxproj" (target "PrepareProjectReferences" depends on it):
       Task "MSBuild"
       Done executing task "MSBuild".
       Task "GetReferenceNearestTargetFrameworkTask" skipped, due to false condition; ('@(_ProjectReferenceTargetFrameworkPossibilities->Count())' != '0' and '$(ReferringTargetFrameworkForProjectReferences)' != '') was evaluated as ('0' != '0' and '.NETFramework,Version=v4.0' != '').
     1>Done building target "_GetProjectReferenceTargetFrameworkProperties" in project "MFCApplication1.vcxproj".
     1>Target "PrepareProjectReferences" in file "C:\Program Files (x86)\Microsoft Visual Studio\2017\Professional\MSBuild\15.0\Bin\Microsoft.Common.CurrentVersion.targets" from project "C:\CPP\CUDA Samples\v10.0\1_Utilities\MFCApplication1\MFCApplication1\MFCApplication1.vcxproj" (target "CleanReferencedProjects" depends on it):
     1>Done building target "PrepareProjectReferences" in project "MFCApplication1.vcxproj".
     1>Target "CleanReferencedProjects" in file "C:\Program Files (x86)\Microsoft Visual Studio\2017\Professional\MSBuild\15.0\Bin\Microsoft.Common.CurrentVersion.targets" from project "C:\CPP\CUDA Samples\v10.0\1_Utilities\MFCApplication1\MFCApplication1\MFCApplication1.vcxproj" (target "Clean" depends on it):
       Task "MSBuild" skipped, due to false condition; ('$(BuildingInsideVisualStudio)' != 'true' and '$(BuildProjectReferences)' == 'true' and '@(_MSBuildProjectReferenceExistent)' != '') was evaluated as ('true' != 'true' and 'true' == 'true' and '' != '').
     1>Done building target "CleanReferencedProjects" in project "MFCApplication1.vcxproj".
     1>Target "CleanPublishFolder" in file "C:\Program Files (x86)\Microsoft Visual Studio\2017\Professional\MSBuild\15.0\Bin\Microsoft.Common.CurrentVersion.targets" from project "C:\CPP\CUDA Samples\v10.0\1_Utilities\MFCApplication1\MFCApplication1\MFCApplication1.vcxproj" (target "Clean" depends on it):
       Task "RemoveDir" skipped, due to false condition; ('$(PublishDir)'=='$(OutputPath)app.publish\' and Exists('$(PublishDir)')) was evaluated as ('C:\CPP\CUDA Samples\v10.0\1_Utilities\MFCApplication1\x64\Release\app.publish\'=='C:\CPP\CUDA Samples\v10.0\1_Utilities\MFCApplication1\x64\Release\app.publish\' and Exists('C:\CPP\CUDA Samples\v10.0\1_Utilities\MFCApplication1\x64\Release\app.publish\')).
     1>Done building target "CleanPublishFolder" in project "MFCApplication1.vcxproj".
     1>Target "AfterClean" in file "C:\Program Files (x86)\Microsoft Visual Studio\2017\Professional\MSBuild\15.0\Bin\Microsoft.Common.CurrentVersion.targets" from project "C:\CPP\CUDA Samples\v10.0\1_Utilities\MFCApplication1\MFCApplication1\MFCApplication1.vcxproj" (target "Clean" depends on it):
     1>Done building target "AfterClean" in project "MFCApplication1.vcxproj".
       Target "EntityClean" skipped, due to false condition; ('@(EntityDeploy)' != '') was evaluated as ('' != '').
     1>Target "BeforeCppClean" in file "C:\Program Files (x86)\Microsoft Visual Studio\2017\Professional\Common7\IDE\VC\VCTargets\Microsoft.CppClean.targets" from project "C:\CPP\CUDA Samples\v10.0\1_Utilities\MFCApplication1\MFCApplication1\MFCApplication1.vcxproj" (target "CppClean" depends on it):
     1>Done building target "BeforeCppClean" in project "MFCApplication1.vcxproj".
     1>Target "CoreCppClean" in file "C:\Program Files (x86)\Microsoft Visual Studio\2017\Professional\Common7\IDE\VC\VCTargets\Microsoft.CppClean.targets" from project "C:\CPP\CUDA Samples\v10.0\1_Utilities\MFCApplication1\MFCApplication1\MFCApplication1.vcxproj" (target "CppClean" depends on it):
       Task "MakeDir"
       Done executing task "MakeDir".
       Using "CppClean" task from assembly "C:\Program Files (x86)\Microsoft Visual Studio\2017\Professional\Common7\IDE\VC\VCTargets\Microsoft.Build.CppTasks.Common.dll".
       Task "CppClean"
       Done executing task "CppClean".
       Task "WriteLinesToFile"
       Done executing task "WriteLinesToFile".
     1>Done building target "CoreCppClean" in project "MFCApplication1.vcxproj".
     1>Target "AfterCppClean" in file "C:\Program Files (x86)\Microsoft Visual Studio\2017\Professional\Common7\IDE\VC\VCTargets\Microsoft.CppClean.targets" from project "C:\CPP\CUDA Samples\v10.0\1_Utilities\MFCApplication1\MFCApplication1\MFCApplication1.vcxproj" (target "CppClean" depends on it):
     1>Done building target "AfterCppClean" in project "MFCApplication1.vcxproj".
     1>Target "PGInstrumentedClean" in file "C:\Program Files (x86)\Microsoft Visual Studio\2017\Professional\Common7\IDE\VC\VCTargets\Microsoft.CppClean.targets" from project "C:\CPP\CUDA Samples\v10.0\1_Utilities\MFCApplication1\MFCApplication1\MFCApplication1.vcxproj" (target "CppClean" depends on it):
       Task "Delete"
       Done executing task "Delete".
     1>Done building target "PGInstrumentedClean" in project "MFCApplication1.vcxproj".
       Target "CudaClean" skipped, due to false condition; ('@(CudaCompile)' != '') was evaluated as ('' != '').
     1>Target "CppClean" in file "C:\Program Files (x86)\Microsoft Visual Studio\2017\Professional\Common7\IDE\VC\VCTargets\Microsoft.CppClean.targets" from project "C:\CPP\CUDA Samples\v10.0\1_Utilities\MFCApplication1\MFCApplication1\MFCApplication1.vcxproj" (target "Clean" depends on it):
     1>Done building target "CppClean" in project "MFCApplication1.vcxproj".
       Target "_CheckForInvalidConfigurationAndPlatform" skipped. Previously built successfully.
       Target "_CheckForInvalidConfigurationAndPlatform" skipped. Previously built successfully.
     1>Target "Clean" in file "C:\Program Files (x86)\Microsoft Visual Studio\2017\Professional\MSBuild\15.0\Bin\Microsoft.Common.CurrentVersion.targets" from project "C:\CPP\CUDA Samples\v10.0\1_Utilities\MFCApplication1\MFCApplication1\MFCApplication1.vcxproj" (entry point):
     1>Done building target "Clean" in project "MFCApplication1.vcxproj".
     1>Done Building Project "C:\CPP\CUDA Samples\v10.0\1_Utilities\MFCApplication1\MFCApplication1\MFCApplication1.vcxproj" (Clean target(s)).

Build succeeded.
    0 Warning(s)
    0 Error(s)

Time Elapsed 00:00:00.02
